<?xml version="1.0" encoding="UTF-8"?>
<!-- Generated by org.testng.reporters.JUnitReportReporter -->
<testsuite skipped="0" hostname="BLRKEC149478L" name="appium.sampleapp.cucumber_testng.CukesRunnerTest" tests="1" failures="0" timestamp="02 Nov 2017 06:01:54 GMT" time="0.215" errors="0">
  <testcase name="feature" time="0.215" classname="appium.sampleapp.cucumber_testng.CukesRunnerTest"/>
</testsuite> <!-- appium.sampleapp.cucumber_testng.CukesRunnerTest -->
